23:28:54.505 [debug] Child {XPLoggerFileBackend, :general_log} of Supervisor Logger.Backends.Supervisor started
Pid: #PID<0.102.0>
Start Call: Logger.Backends.Watcher.start_link({{XPLoggerFileBackend, :general_log}, {XPLoggerFileBackend, :general_log}})
Restart: :transient
Shutdown: 5000
Type: :worker
23:28:54.505 [info] Child Logger.Backends.Supervisor of Supervisor Logger.Backends.Internal started
Pid: #PID<0.101.0>
Start Call: Logger.Backends.Supervisor.start_link([{XPLoggerFileBackend, :general_log}])
Restart: :permanent
Shutdown: :infinity
Type: :supervisor
23:28:54.505 [info] Child Logger.Backends.Internal of Supervisor Logger.Supervisor started
Pid: #PID<0.97.0>
Start Call: Logger.Backends.Internal.start_link([])
Restart: :permanent
Shutdown: :infinity
Type: :supervisor
23:28:54.505 [info] Application logger started at :nonode@nohost
23:28:54.505 [info] Application xp_mime started at :nonode@nohost
23:28:54.505 [info] Application xp_hpax started at :nonode@nohost
23:28:54.505 [info] Application crypto started at :nonode@nohost
23:28:54.505 [info] Application asn1 started at :nonode@nohost
23:28:54.505 [info] Application public_key started at :nonode@nohost
23:28:54.519 [debug] Child :ssl_handler of Supervisor :logger_sup started
Pid: #PID<0.107.0>
Start Call: :logger_olp.start_link(:logger_std_h_ssl_handler, :logger_h_common, %{id: :ssl_handler, module: :logger_std_h, config: %{type: :standard_io, filesync_repeat_interval: :no_repeat}, level: :debug, filters: [], filter_default: :stop, formatter: {:ssl_logger, %{}}}, %{})
Restart: :temporary
Shutdown: 2000
Type: :worker
23:28:54.574 [info] Child :ssl_pem_cache of Supervisor :ssl_admin_sup started
Pid: #PID<0.111.0>
Start Call: :ssl_pem_cache.start_link([])
Restart: :permanent
Shutdown: 4000
Type: :worker
23:28:54.616 [info] Child :ssl_manager of Supervisor :ssl_admin_sup started
Pid: #PID<0.112.0>
Start Call: :ssl_manager.start_link([])
Restart: :permanent
Shutdown: 4000
Type: :worker
23:28:54.629 [info] Child :tls_client_ticket_store of Supervisor :ssl_admin_sup started
Pid: #PID<0.113.0>
Start Call: :tls_client_ticket_store.start_link(1000, 7200)
Restart: :permanent
Shutdown: 4000
Type: :worker
23:28:54.630 [info] Child :ssl_admin_sup of Supervisor :ssl_sup started
Pid: #PID<0.110.0>
Start Call: :ssl_admin_sup.start_link()
Restart: :permanent
Shutdown: 4000
Type: :supervisor
23:28:54.655 [info] Child :tls_connection_sup of Supervisor :tls_sup started
Pid: #PID<0.116.0>
Start Call: :tls_connection_sup.start_link()
Restart: :permanent
Shutdown: 4000
Type: :supervisor
23:28:54.672 [info] Child :ssl_listen_tracker_sup of Supervisor :tls_server_sup started
Pid: #PID<0.118.0>
Start Call: :ssl_listen_tracker_sup.start_link()
Restart: :permanent
Shutdown: 4000
Type: :supervisor
23:28:54.682 [info] Child :tls_server_session_ticket of Supervisor :tls_server_sup started
Pid: #PID<0.119.0>
Start Call: :tls_server_session_ticket_sup.start_link()
Restart: :permanent
Shutdown: 4000
Type: :supervisor
23:28:54.691 [info] Child :ssl_server_session_cache_sup of Supervisor :tls_server_sup started
Pid: #PID<0.120.0>
Start Call: :ssl_server_session_cache_sup.start_link()
Restart: :permanent
Shutdown: 4000
Type: :supervisor
23:28:54.701 [info] Child :ssl_upgrade_server_session_cache_sup of Supervisor :tls_server_sup started
Pid: #PID<0.121.0>
Start Call: :ssl_upgrade_server_session_cache_sup.start_link()
Restart: :permanent
Shutdown: 4000
Type: :supervisor
23:28:54.701 [info] Child :tls_server_sup of Supervisor :tls_sup started
Pid: #PID<0.117.0>
Start Call: :tls_server_sup.start_link()
Restart: :permanent
Shutdown: 4000
Type: :supervisor
23:28:54.701 [info] Child :tls_sup of Supervisor :ssl_connection_sup started
Pid: #PID<0.115.0>
Start Call: :tls_sup.start_link()
Restart: :permanent
Shutdown: 4000
Type: :supervisor
23:28:54.719 [info] Child :dtls_connection_sup of Supervisor :dtls_sup started
Pid: #PID<0.123.0>
Start Call: :dtls_connection_sup.start_link()
Restart: :permanent
Shutdown: 4000
Type: :supervisor
23:28:54.737 [info] Child :dtls_listener_sup of Supervisor :dtls_server_sup started
Pid: #PID<0.125.0>
Start Call: :dtls_listener_sup.start_link()
Restart: :permanent
Shutdown: 4000
Type: :supervisor
23:28:54.766 [info] Child :dtls_server_session_cache_sup of Supervisor :dtls_server_sup started
Pid: #PID<0.126.0>
Start Call: :dtls_server_session_cache_sup.start_link()
Restart: :permanent
Shutdown: 4000
Type: :supervisor
23:28:54.766 [info] Child :dtls_server_sup of Supervisor :dtls_sup started
Pid: #PID<0.124.0>
Start Call: :dtls_server_sup.start_link()
Restart: :permanent
Shutdown: 4000
Type: :supervisor
23:28:54.766 [info] Child :dtls_sup of Supervisor :ssl_connection_sup started
Pid: #PID<0.122.0>
Start Call: :dtls_sup.start_link()
Restart: :permanent
Shutdown: 4000
Type: :supervisor
23:28:54.766 [info] Child :ssl_connection_sup of Supervisor :ssl_sup started
Pid: #PID<0.114.0>
Start Call: :ssl_connection_sup.start_link()
Restart: :permanent
Shutdown: 4000
Type: :supervisor
23:28:54.766 [info] Application ssl started at :nonode@nohost
23:28:54.775 [info] Application xp_mint started at :nonode@nohost
23:28:54.776 [info] Application xp_nimble_options started at :nonode@nohost
23:28:54.811 [info] Child XPNimblePool.TaskSupervisor of Supervisor #PID<0.132.0> (Supervisor.Default) started
Pid: #PID<0.133.0>
Start Call: Task.Supervisor.start_link([name: XPNimblePool.TaskSupervisor])
Restart: :permanent
Shutdown: :infinity
Type: :supervisor
23:28:54.811 [info] Application xp_nimble_pool started at :nonode@nohost
23:28:54.840 [info] Child :telemetry_handler_table of Supervisor :telemetry_sup started
Pid: #PID<0.137.0>
Start Call: :telemetry_handler_table.start_link()
Restart: :permanent
Shutdown: 5000
Type: :worker
23:28:54.840 [info] Application xp_telemetry started at :nonode@nohost
23:28:54.840 [info] Application xp_finch started at :nonode@nohost
23:28:55.058 [info] Child XPReq.Finch.PIDPartition0 of Supervisor XPReq.Finch started
Pid: #PID<0.143.0>
Start Call: Registry.Partition.start_link(XPReq.Finch.PIDPartition0, {:duplicate, XPReq.Finch, 0, 1, XPReq.Finch.KeyPartition0, XPReq.Finch.PIDPartition0, [], false})
Restart: :permanent
Shutdown: 5000
Type: :worker
23:28:55.058 [info] Child XPReq.Finch of Supervisor XPReq.Finch.Supervisor started
Pid: #PID<0.142.0>
Start Call: Registry.start_link([keys: :duplicate, name: XPReq.Finch, meta: [config: %{pools: %{}, registry_name: XPReq.Finch, supervisor_name: XPReq.Finch.PoolSupervisor, manager_name: XPReq.Finch.PoolManager, default_pool_config: %{count: 1, size: 50, mod: XPFinch.HTTP1.Pool, conn_opts: [protocols: [:http1], transport_opts: [keepalive: true, nodelay: true, timeout: 5000], ssl_key_log_file_device: nil], pool_max_idle_time: :infinity, conn_max_idle_time: :infinity, start_pool_metrics?: false}}]])
Restart: :permanent
Shutdown: :infinity
Type: :supervisor
23:28:55.058 [info] Child XPReq.Finch.PoolSupervisor of Supervisor XPReq.Finch.Supervisor started
Pid: #PID<0.144.0>
Start Call: DynamicSupervisor.start_link([name: XPReq.Finch.PoolSupervisor, strategy: :one_for_one])
Restart: :permanent
Shutdown: :infinity
Type: :supervisor
23:28:55.058 [info] Child XPFinch.PoolManager of Supervisor XPReq.Finch.Supervisor started
Pid: #PID<0.145.0>
Start Call: XPFinch.PoolManager.start_link(%{pools: %{}, registry_name: XPReq.Finch, supervisor_name: XPReq.Finch.PoolSupervisor, manager_name: XPReq.Finch.PoolManager, default_pool_config: %{count: 1, size: 50, mod: XPFinch.HTTP1.Pool, conn_opts: [protocols: [:http1], transport_opts: [keepalive: true, nodelay: true, timeout: 5000], ssl_key_log_file_device: nil], pool_max_idle_time: :infinity, conn_max_idle_time: :infinity, start_pool_metrics?: false}})
Restart: :permanent
Shutdown: 5000
Type: :worker
23:28:55.058 [info] Child XPReq.Finch of Supervisor #PID<0.140.0> (Supervisor.Default) started
Pid: #PID<0.141.0>
Start Call: XPFinch.start_link([name: XPReq.Finch, pools: %{default: [protocols: [:http1]]}])
Restart: :permanent
Shutdown: 5000
Type: :worker
23:28:55.058 [info] Child XPReq.FinchSupervisor of Supervisor #PID<0.140.0> (Supervisor.Default) started
Pid: #PID<0.146.0>
Start Call: DynamicSupervisor.start_link([strategy: :one_for_one, name: XPReq.FinchSupervisor])
Restart: :permanent
Shutdown: :infinity
Type: :supervisor
23:28:55.059 [info] Child XPReq.Test.Ownership of Supervisor #PID<0.140.0> (Supervisor.Default) started
Pid: #PID<0.147.0>
Start Call: XPReq.Test.Ownership.start_link([name: XPReq.Test.Ownership])
Restart: :permanent
Shutdown: 5000
Type: :worker
23:28:55.059 [info] Application xp_req started at :nonode@nohost
23:28:55.059 [info] Application burrito started at :nonode@nohost
23:28:55.059 [info] Application erts started at :nonode@nohost
23:28:55.059 [info] Application xp_schematic started at :nonode@nohost
23:28:55.059 [info] Application xp_typed_struct started at :nonode@nohost
23:28:55.059 [info] Application xp_gen_lsp started at :nonode@nohost
23:28:55.521 [info] Child XPSnowflake.Generator of Supervisor #PID<0.150.0> (Supervisor.Default) started
Pid: #PID<0.151.0>
Start Call: XPSnowflake.Generator.start_link(0, 1023)
Restart: :permanent
Shutdown: 5000
Type: :worker
23:28:55.521 [info] Application xp_snowflake started at :nonode@nohost
23:28:55.521 [info] Application xp_sourceror started at :nonode@nohost
23:28:55.521 [info] Application xp_forge started at :nonode@nohost
23:28:55.521 [info] Application xp_logger_file_backend started at :nonode@nohost
23:28:55.565 [info] Child :ttb_autostart of Supervisor :runtime_tools_sup started
Pid: #PID<0.155.0>
Start Call: :ttb_autostart.start_link()
Restart: :temporary
Shutdown: 3000
Type: :worker
23:28:55.565 [info] Application runtime_tools started at :nonode@nohost
23:28:55.565 [info] Application et started at :nonode@nohost
23:28:55.565 [info] Application observer started at :nonode@nohost
23:28:55.566 [info] Application xp_path_glob started at :nonode@nohost
23:28:55.662 [info] Child XPForge.Document.Store of Supervisor XPExpert.Supervisor started
Pid: #PID<0.159.0>
Start Call: XPForge.Document.Store.start_link([derive: [analysis: &XPForge.Ast.analyze/1]])
Restart: :permanent
Shutdown: 5000
Type: :worker
23:28:55.671 [info] Child XPExpert.ProjectSupervisor of Supervisor XPExpert.Supervisor started
Pid: #PID<0.160.0>
Start Call: DynamicSupervisor.start_link([name: XPExpert.ProjectSupervisor, strategy: :one_for_one])
Restart: :permanent
Shutdown: :infinity
Type: :supervisor
23:28:55.672 [info] Child XPExpert.DynamicSupervisor of Supervisor XPExpert.Supervisor started
Pid: #PID<0.161.0>
Start Call: DynamicSupervisor.start_link([name: XPExpert.DynamicSupervisor])
Restart: :permanent
Shutdown: :infinity
Type: :supervisor
23:28:55.690 [info] Child XPGenLSP.Assigns of Supervisor XPExpert.Supervisor started
Pid: #PID<0.162.0>
Start Call: XPGenLSP.Assigns.start_link([name: XPExpert.Assigns])
Restart: :permanent
Shutdown: 5000
Type: :worker
23:28:55.690 [info] Child :expert_task_queue of Supervisor XPExpert.Supervisor started
Pid: #PID<0.163.0>
Start Call: Task.Supervisor.start_link([name: :expert_task_queue])
Restart: :permanent
Shutdown: :infinity
Type: :supervisor
23:28:55.699 [info] Child XPGenLSP.Buffer of Supervisor XPExpert.Supervisor started
Pid: #PID<0.164.0>
Start Call: XPGenLSP.Buffer.start_link([name: XPExpert.Buffer])
Restart: :permanent
Shutdown: 5000
Type: :worker
23:28:55.699 [debug] [name: XPExpert, buffer: XPExpert.Buffer, task_supervisor: :expert_task_queue, dynamic_supervisor: XPExpert.DynamicSupervisor, assigns: XPExpert.Assigns]
23:28:55.748 [info] Child XPExpert of Supervisor XPExpert.Supervisor started
Pid: #PID<0.165.0>
Start Call: XPExpert.start_link([name: XPExpert, buffer: XPExpert.Buffer, task_supervisor: :expert_task_queue, dynamic_supervisor: XPExpert.DynamicSupervisor, assigns: XPExpert.Assigns])
Restart: :permanent
Shutdown: 500
Type: :worker
23:28:55.748 [info] Application xp_expert started at :nonode@nohost
23:28:58.064 [info] Starting project at uri file:///c%3A/projects/zmk-config
23:29:02.668 [info] Child {XPExpert.Project.Progress, "zmk_config"} of Supervisor :"zmk_config::supervisor" started
Pid: #PID<0.170.0>
Start Call: XPExpert.Project.Progress.start_link(%XPForge.Project{root_uri: "file:///c%3A/projects/zmk-config", mix_exs_uri: nil, mix_project?: false, mix_env: nil, mix_target: nil, env_variables: %{}, project_module: nil, entropy: 1110})
Restart: :permanent
Shutdown: 5000
Type: :worker
23:29:02.685 [info] Child {XPExpert.EngineSupervisor, "zmk_config"} of Supervisor :"zmk_config::supervisor" started
Pid: #PID<0.171.0>
Start Call: XPExpert.EngineSupervisor.start_link(%XPForge.Project{root_uri: "file:///c%3A/projects/zmk-config", mix_exs_uri: nil, mix_project?: false, mix_env: nil, mix_target: nil, env_variables: %{}, project_module: nil, entropy: 1110})
Restart: :permanent
Shutdown: 5000
Type: :worker
23:29:02.729 [debug] sent request server -> client window/workDoneProgress/create
23:29:02.851 [debug] sent notification server -> client $/progress
23:29:02.899 [info] Child :erl_epmd of Supervisor :net_sup started
Pid: #PID<0.174.0>
Start Call: :erl_epmd.start_link()
Restart: :permanent
Shutdown: 2000
Type: :worker
23:29:02.915 [info] Child :auth of Supervisor :net_sup started
Pid: #PID<0.175.0>
Start Call: :auth.start_link()
Restart: :permanent
Shutdown: 2000
Type: :worker
23:29:02.938 [info] Child :net_kernel of Supervisor :net_sup started
Pid: #PID<0.176.0>
Start Call: :net_kernel.start_link(%{name: :"manager-zmk_config-1110@127.0.0.1", supervisor: :net_sup_dynamic, name_domain: :longnames, clean_halt: false})
Restart: :permanent
Shutdown: 2000
Type: :worker
23:29:02.939 [debug] Child :net_sup_dynamic of Supervisor :kernel_sup started
Pid: #PID<0.173.0>
Start Call: :erl_distribution.start_link(%{name: :"manager-zmk_config-1110@127.0.0.1", supervisor: :net_sup_dynamic, name_domain: :longnames, clean_halt: false})
Restart: :permanent
Shutdown: 1000
Type: :supervisor
23:29:03.743 [debug] sent notification server -> client $/progress
23:29:03.743 [error] Process #PID<0.172.0> terminating
** (ArgumentError) Operating system {:win32, :nt} is not currently supported
    (xp_expert 0.1.0-c5cd0fc) lib/expert/port.ex:187: XPExpert.Port.path/1
    (xp_expert 0.1.0-c5cd0fc) lib/expert/engine_node.ex:201: XPExpert.EngineNode.glob_paths/1
    (xp_expert 0.1.0-c5cd0fc) lib/expert/engine_node.ex:120: XPExpert.EngineNode.start/1
    (xp_expert 0.1.0-c5cd0fc) lib/expert/project/node.ex:96: XPExpert.Project.Node.start_node/1
    (xp_expert 0.1.0-c5cd0fc) lib/expert/project/progress/support.ex:18: XPExpert.Project.Progress.Support.with_progress/3
    (xp_expert 0.1.0-c5cd0fc) lib/expert/project/node.ex:54: XPExpert.Project.Node.init/1
    (stdlib 6.2.2.1) gen_server.erl:2229: :gen_server.init_it/2
    (stdlib 6.2.2.1) gen_server.erl:2184: :gen_server.init_it/6
Initial Call: XPExpert.Project.Node.init/1
Ancestors: [:"zmk_config::supervisor", XPExpert.ProjectSupervisor, XPExpert.Supervisor, #PID<0.157.0>]
Message Queue Length: 0
Messages: []
Links: [#PID<0.169.0>]
Dictionary: []
Trapping Exits: false
Status: :running
Heap Size: 28690
Stack Size: 29
Reductions: 252245
23:29:03.744 [error] Child {XPExpert.Project.Node, "zmk_config"} of Supervisor :"zmk_config::supervisor" failed to start
** (exit) an exception was raised:
    ** (ArgumentError) Operating system {:win32, :nt} is not currently supported
        (xp_expert 0.1.0-c5cd0fc) lib/expert/port.ex:187: XPExpert.Port.path/1
        (xp_expert 0.1.0-c5cd0fc) lib/expert/engine_node.ex:201: XPExpert.EngineNode.glob_paths/1
        (xp_expert 0.1.0-c5cd0fc) lib/expert/engine_node.ex:120: XPExpert.EngineNode.start/1
        (xp_expert 0.1.0-c5cd0fc) lib/expert/project/node.ex:96: XPExpert.Project.Node.start_node/1
        (xp_expert 0.1.0-c5cd0fc) lib/expert/project/progress/support.ex:18: XPExpert.Project.Progress.Support.with_progress/3
        (xp_expert 0.1.0-c5cd0fc) lib/expert/project/node.ex:54: XPExpert.Project.Node.init/1
        (stdlib 6.2.2.1) gen_server.erl:2229: :gen_server.init_it/2
        (stdlib 6.2.2.1) gen_server.erl:2184: :gen_server.init_it/6
Start Call: XPExpert.Project.Node.start_link(%XPForge.Project{root_uri: "file:///c%3A/projects/zmk-config", mix_exs_uri: nil, mix_project?: false, mix_env: nil, mix_target: nil, env_variables: %{}, project_module: nil, entropy: 1110})
Restart: :permanent
Shutdown: 5000
Type: :worker
23:29:03.746 [info] Engine initialized
23:29:04.123 [debug] handled request client -> server initialize in 8292ms
23:29:04.166 [debug] sent request server -> client client/registerCapability
23:29:04.259 [info] ################### opened file://
23:29:04.260 [debug] handled notification client -> server textDocument/didOpen in 136ms
23:29:04.295 [debug] handled notification client -> server initialized in 171ms
23:29:04.766 [info] Child of Supervisor :inet_gethost_native_sup started
Pid: #PID<0.185.0>
Start Call: :inet_gethost_native.init([])
23:29:04.766 [debug] Child :inet_gethost_native_sup of Supervisor :kernel_safe_sup started
Pid: #PID<0.184.0>
Start Call: :inet_gethost_native.start_link()
Restart: :temporary
Shutdown: 1000
Type: :worker
23:29:04.871 [error] ** (ErlangError) Erlang error: {:erpc, :noconnection}
    (kernel 10.2.7.1) erpc.erl:1376: :erpc.call/5
    (xp_expert 0.1.0-c5cd0fc) lib/expert/state.ex:122: XPExpert.State.apply/2
    (xp_expert 0.1.0-c5cd0fc) lib/expert.ex:200: XPExpert.apply_to_state/2
    (xp_expert 0.1.0-c5cd0fc) lib/expert.ex:139: XPExpert.handle_notification/2
    (xp_gen_lsp 0.11.0) lib/gen_lsp.ex:528: anonymous fn/2 in XPGenLSP.loop/3
    (xp_telemetry 1.3.0) /home/runner/work/expert/expert/apps/expert/deps/telemetry/src/telemetry.erl:324: :xp_telemetry.span/3
    (xp_gen_lsp 0.11.0) lib/gen_lsp.ex:524: anonymous fn/4 in XPGenLSP.loop/3
    (xp_gen_lsp 0.11.0) lib/gen_lsp.ex:601: anonymous fn/4 in XPGenLSP.attempt/4

23:29:04.881 [debug] sent notification server -> client window/logMessage
23:29:04.902 [warning] client -> server notification crashed
23:29:05.820 [debug] handled notification client -> server $/cancelRequest in 30ms
23:29:05.827 [error] ** (ErlangError) Erlang error: {:erpc, :noconnection}
    (kernel 10.2.7.1) erpc.erl:1376: :erpc.call/5
    (xp_expert 0.1.0-c5cd0fc) lib/expert/state.ex:122: XPExpert.State.apply/2
    (xp_expert 0.1.0-c5cd0fc) lib/expert.ex:200: XPExpert.apply_to_state/2
    (xp_expert 0.1.0-c5cd0fc) lib/expert.ex:139: XPExpert.handle_notification/2
    (xp_gen_lsp 0.11.0) lib/gen_lsp.ex:528: anonymous fn/2 in XPGenLSP.loop/3
    (xp_telemetry 1.3.0) /home/runner/work/expert/expert/apps/expert/deps/telemetry/src/telemetry.erl:324: :xp_telemetry.span/3
    (xp_gen_lsp 0.11.0) lib/gen_lsp.ex:524: anonymous fn/4 in XPGenLSP.loop/3
    (xp_gen_lsp 0.11.0) lib/gen_lsp.ex:601: anonymous fn/4 in XPGenLSP.attempt/4

23:29:05.827 [debug] sent notification server -> client window/logMessage
23:29:05.827 [warning] client -> server notification crashed
23:29:05.958 [error] ** (ErlangError) Erlang error: {:erpc, :noconnection}
    (kernel 10.2.7.1) erpc.erl:1376: :erpc.call/5
    (xp_expert 0.1.0-c5cd0fc) lib/expert/state.ex:122: XPExpert.State.apply/2
    (xp_expert 0.1.0-c5cd0fc) lib/expert.ex:200: XPExpert.apply_to_state/2
    (xp_expert 0.1.0-c5cd0fc) lib/expert.ex:139: XPExpert.handle_notification/2
    (xp_gen_lsp 0.11.0) lib/gen_lsp.ex:528: anonymous fn/2 in XPGenLSP.loop/3
    (xp_telemetry 1.3.0) /home/runner/work/expert/expert/apps/expert/deps/telemetry/src/telemetry.erl:324: :xp_telemetry.span/3
    (xp_gen_lsp 0.11.0) lib/gen_lsp.ex:524: anonymous fn/4 in XPGenLSP.loop/3
    (xp_gen_lsp 0.11.0) lib/gen_lsp.ex:601: anonymous fn/4 in XPGenLSP.attempt/4

23:29:05.958 [debug] sent notification server -> client window/logMessage
23:29:05.959 [warning] client -> server notification crashed
23:29:06.114 [error] ** (ErlangError) Erlang error: {:erpc, :noconnection}
    (kernel 10.2.7.1) erpc.erl:1376: :erpc.call/5
    (xp_expert 0.1.0-c5cd0fc) lib/expert/state.ex:122: XPExpert.State.apply/2
    (xp_expert 0.1.0-c5cd0fc) lib/expert.ex:200: XPExpert.apply_to_state/2
    (xp_expert 0.1.0-c5cd0fc) lib/expert.ex:139: XPExpert.handle_notification/2
    (xp_gen_lsp 0.11.0) lib/gen_lsp.ex:528: anonymous fn/2 in XPGenLSP.loop/3
    (xp_telemetry 1.3.0) /home/runner/work/expert/expert/apps/expert/deps/telemetry/src/telemetry.erl:324: :xp_telemetry.span/3
    (xp_gen_lsp 0.11.0) lib/gen_lsp.ex:524: anonymous fn/4 in XPGenLSP.loop/3
    (xp_gen_lsp 0.11.0) lib/gen_lsp.ex:601: anonymous fn/4 in XPGenLSP.attempt/4

23:29:06.114 [debug] sent notification server -> client window/logMessage
23:29:06.114 [warning] client -> server notification crashed
23:29:06.197 [info] Completion for XpPos<<2, 1>>
23:29:06.200 [error] ** (ErlangError) Erlang error: {:erpc, :noconnection}
    (kernel 10.2.7.1) erpc.erl:1376: :erpc.call/5
    (xp_expert 0.1.0-c5cd0fc) lib/expert/code_intelligence/completion.ex:84: XPExpert.CodeIntelligence.Completion.completions/3
    (xp_expert 0.1.0-c5cd0fc) lib/expert/code_intelligence/completion.ex:36: XPExpert.CodeIntelligence.Completion.complete/4
    (xp_expert 0.1.0-c5cd0fc) lib/expert/provider/handlers/completion.ex:21: XPExpert.Provider.Handlers.Completion.handle/2
    (xp_expert 0.1.0-c5cd0fc) lib/expert.ex:94: XPExpert.handle_request/2
    (xp_gen_lsp 0.11.0) lib/gen_lsp.ex:372: anonymous fn/2 in XPGenLSP.loop/3
    (xp_telemetry 1.3.0) /home/runner/work/expert/expert/apps/expert/deps/telemetry/src/telemetry.erl:324: :xp_telemetry.span/3
    (xp_gen_lsp 0.11.0) lib/gen_lsp.ex:371: anonymous fn/5 in XPGenLSP.loop/3

23:29:06.200 [debug] sent notification server -> client window/logMessage
23:29:06.752 [error] ** (ErlangError) Erlang error: {:erpc, :noconnection}
    (kernel 10.2.7.1) erpc.erl:1376: :erpc.call/5
    (xp_expert 0.1.0-c5cd0fc) lib/expert/state.ex:122: XPExpert.State.apply/2
    (xp_expert 0.1.0-c5cd0fc) lib/expert.ex:200: XPExpert.apply_to_state/2
    (xp_expert 0.1.0-c5cd0fc) lib/expert.ex:139: XPExpert.handle_notification/2
    (xp_gen_lsp 0.11.0) lib/gen_lsp.ex:528: anonymous fn/2 in XPGenLSP.loop/3
    (xp_telemetry 1.3.0) /home/runner/work/expert/expert/apps/expert/deps/telemetry/src/telemetry.erl:324: :xp_telemetry.span/3
    (xp_gen_lsp 0.11.0) lib/gen_lsp.ex:524: anonymous fn/4 in XPGenLSP.loop/3
    (xp_gen_lsp 0.11.0) lib/gen_lsp.ex:601: anonymous fn/4 in XPGenLSP.attempt/4

23:29:06.752 [debug] sent notification server -> client window/logMessage
23:29:06.752 [warning] client -> server notification crashed
23:29:06.753 [info] Completion for XpPos<<2, 6>>
23:29:06.755 [error] ** (ErlangError) Erlang error: {:erpc, :noconnection}
    (kernel 10.2.7.1) erpc.erl:1376: :erpc.call/5
    (xp_expert 0.1.0-c5cd0fc) lib/expert/code_intelligence/completion.ex:84: XPExpert.CodeIntelligence.Completion.completions/3
    (xp_expert 0.1.0-c5cd0fc) lib/expert/code_intelligence/completion.ex:36: XPExpert.CodeIntelligence.Completion.complete/4
    (xp_expert 0.1.0-c5cd0fc) lib/expert/provider/handlers/completion.ex:21: XPExpert.Provider.Handlers.Completion.handle/2
    (xp_expert 0.1.0-c5cd0fc) lib/expert.ex:94: XPExpert.handle_request/2
    (xp_gen_lsp 0.11.0) lib/gen_lsp.ex:372: anonymous fn/2 in XPGenLSP.loop/3
    (xp_telemetry 1.3.0) /home/runner/work/expert/expert/apps/expert/deps/telemetry/src/telemetry.erl:324: :xp_telemetry.span/3
    (xp_gen_lsp 0.11.0) lib/gen_lsp.ex:371: anonymous fn/5 in XPGenLSP.loop/3

23:29:06.755 [debug] sent notification server -> client window/logMessage
23:29:06.902 [error] ** (ErlangError) Erlang error: {:erpc, :noconnection}
    (kernel 10.2.7.1) erpc.erl:1376: :erpc.call/5
    (xp_expert 0.1.0-c5cd0fc) lib/expert/state.ex:122: XPExpert.State.apply/2
    (xp_expert 0.1.0-c5cd0fc) lib/expert.ex:200: XPExpert.apply_to_state/2
    (xp_expert 0.1.0-c5cd0fc) lib/expert.ex:139: XPExpert.handle_notification/2
    (xp_gen_lsp 0.11.0) lib/gen_lsp.ex:528: anonymous fn/2 in XPGenLSP.loop/3
    (xp_telemetry 1.3.0) /home/runner/work/expert/expert/apps/expert/deps/telemetry/src/telemetry.erl:324: :xp_telemetry.span/3
    (xp_gen_lsp 0.11.0) lib/gen_lsp.ex:524: anonymous fn/4 in XPGenLSP.loop/3
    (xp_gen_lsp 0.11.0) lib/gen_lsp.ex:601: anonymous fn/4 in XPGenLSP.attempt/4

23:29:06.902 [debug] sent notification server -> client window/logMessage
23:29:06.902 [warning] client -> server notification crashed
23:29:07.063 [error] ** (ErlangError) Erlang error: {:erpc, :noconnection}
    (kernel 10.2.7.1) erpc.erl:1376: :erpc.call/5
    (xp_expert 0.1.0-c5cd0fc) lib/expert/state.ex:122: XPExpert.State.apply/2
    (xp_expert 0.1.0-c5cd0fc) lib/expert.ex:200: XPExpert.apply_to_state/2
    (xp_expert 0.1.0-c5cd0fc) lib/expert.ex:139: XPExpert.handle_notification/2
    (xp_gen_lsp 0.11.0) lib/gen_lsp.ex:528: anonymous fn/2 in XPGenLSP.loop/3
    (xp_telemetry 1.3.0) /home/runner/work/expert/expert/apps/expert/deps/telemetry/src/telemetry.erl:324: :xp_telemetry.span/3
    (xp_gen_lsp 0.11.0) lib/gen_lsp.ex:524: anonymous fn/4 in XPGenLSP.loop/3
    (xp_gen_lsp 0.11.0) lib/gen_lsp.ex:601: anonymous fn/4 in XPGenLSP.attempt/4

23:29:07.063 [debug] sent notification server -> client window/logMessage
23:29:07.063 [warning] client -> server notification crashed
23:29:07.411 [error] ** (ErlangError) Erlang error: {:erpc, :noconnection}
    (kernel 10.2.7.1) erpc.erl:1376: :erpc.call/5
    (xp_expert 0.1.0-c5cd0fc) lib/expert/state.ex:122: XPExpert.State.apply/2
    (xp_expert 0.1.0-c5cd0fc) lib/expert.ex:200: XPExpert.apply_to_state/2
    (xp_expert 0.1.0-c5cd0fc) lib/expert.ex:139: XPExpert.handle_notification/2
    (xp_gen_lsp 0.11.0) lib/gen_lsp.ex:528: anonymous fn/2 in XPGenLSP.loop/3
    (xp_telemetry 1.3.0) /home/runner/work/expert/expert/apps/expert/deps/telemetry/src/telemetry.erl:324: :xp_telemetry.span/3
    (xp_gen_lsp 0.11.0) lib/gen_lsp.ex:524: anonymous fn/4 in XPGenLSP.loop/3
    (xp_gen_lsp 0.11.0) lib/gen_lsp.ex:601: anonymous fn/4 in XPGenLSP.attempt/4

23:29:07.411 [debug] sent notification server -> client window/logMessage
23:29:07.411 [warning] client -> server notification crashed
23:29:07.565 [error] ** (ErlangError) Erlang error: {:erpc, :noconnection}
    (kernel 10.2.7.1) erpc.erl:1376: :erpc.call/5
    (xp_expert 0.1.0-c5cd0fc) lib/expert/state.ex:122: XPExpert.State.apply/2
    (xp_expert 0.1.0-c5cd0fc) lib/expert.ex:200: XPExpert.apply_to_state/2
    (xp_expert 0.1.0-c5cd0fc) lib/expert.ex:139: XPExpert.handle_notification/2
    (xp_gen_lsp 0.11.0) lib/gen_lsp.ex:528: anonymous fn/2 in XPGenLSP.loop/3
    (xp_telemetry 1.3.0) /home/runner/work/expert/expert/apps/expert/deps/telemetry/src/telemetry.erl:324: :xp_telemetry.span/3
    (xp_gen_lsp 0.11.0) lib/gen_lsp.ex:524: anonymous fn/4 in XPGenLSP.loop/3
    (xp_gen_lsp 0.11.0) lib/gen_lsp.ex:601: anonymous fn/4 in XPGenLSP.attempt/4

23:29:07.565 [debug] sent notification server -> client window/logMessage
23:29:07.565 [warning] client -> server notification crashed
23:29:07.723 [error] ** (ErlangError) Erlang error: {:erpc, :noconnection}
    (kernel 10.2.7.1) erpc.erl:1376: :erpc.call/5
    (xp_expert 0.1.0-c5cd0fc) lib/expert/state.ex:122: XPExpert.State.apply/2
    (xp_expert 0.1.0-c5cd0fc) lib/expert.ex:200: XPExpert.apply_to_state/2
    (xp_expert 0.1.0-c5cd0fc) lib/expert.ex:139: XPExpert.handle_notification/2
    (xp_gen_lsp 0.11.0) lib/gen_lsp.ex:528: anonymous fn/2 in XPGenLSP.loop/3
    (xp_telemetry 1.3.0) /home/runner/work/expert/expert/apps/expert/deps/telemetry/src/telemetry.erl:324: :xp_telemetry.span/3
    (xp_gen_lsp 0.11.0) lib/gen_lsp.ex:524: anonymous fn/4 in XPGenLSP.loop/3
    (xp_gen_lsp 0.11.0) lib/gen_lsp.ex:601: anonymous fn/4 in XPGenLSP.attempt/4

23:29:07.723 [debug] sent notification server -> client window/logMessage
23:29:07.723 [warning] client -> server notification crashed
23:29:07.765 [info] Completion for XpPos<<2, 12>>
23:29:07.767 [error] ** (ErlangError) Erlang error: {:erpc, :noconnection}
    (kernel 10.2.7.1) erpc.erl:1376: :erpc.call/5
    (xp_expert 0.1.0-c5cd0fc) lib/expert/code_intelligence/completion.ex:84: XPExpert.CodeIntelligence.Completion.completions/3
    (xp_expert 0.1.0-c5cd0fc) lib/expert/code_intelligence/completion.ex:36: XPExpert.CodeIntelligence.Completion.complete/4
    (xp_expert 0.1.0-c5cd0fc) lib/expert/provider/handlers/completion.ex:21: XPExpert.Provider.Handlers.Completion.handle/2
    (xp_expert 0.1.0-c5cd0fc) lib/expert.ex:94: XPExpert.handle_request/2
    (xp_gen_lsp 0.11.0) lib/gen_lsp.ex:372: anonymous fn/2 in XPGenLSP.loop/3
    (xp_telemetry 1.3.0) /home/runner/work/expert/expert/apps/expert/deps/telemetry/src/telemetry.erl:324: :xp_telemetry.span/3
    (xp_gen_lsp 0.11.0) lib/gen_lsp.ex:371: anonymous fn/5 in XPGenLSP.loop/3

23:29:07.767 [debug] sent notification server -> client window/logMessage
23:29:07.874 [error] ** (ErlangError) Erlang error: {:erpc, :noconnection}
    (kernel 10.2.7.1) erpc.erl:1376: :erpc.call/5
    (xp_expert 0.1.0-c5cd0fc) lib/expert/state.ex:122: XPExpert.State.apply/2
    (xp_expert 0.1.0-c5cd0fc) lib/expert.ex:200: XPExpert.apply_to_state/2
    (xp_expert 0.1.0-c5cd0fc) lib/expert.ex:139: XPExpert.handle_notification/2
    (xp_gen_lsp 0.11.0) lib/gen_lsp.ex:528: anonymous fn/2 in XPGenLSP.loop/3
    (xp_telemetry 1.3.0) /home/runner/work/expert/expert/apps/expert/deps/telemetry/src/telemetry.erl:324: :xp_telemetry.span/3
    (xp_gen_lsp 0.11.0) lib/gen_lsp.ex:524: anonymous fn/4 in XPGenLSP.loop/3
    (xp_gen_lsp 0.11.0) lib/gen_lsp.ex:601: anonymous fn/4 in XPGenLSP.attempt/4

23:29:07.874 [debug] sent notification server -> client window/logMessage
23:29:07.875 [warning] client -> server notification crashed
23:29:08.039 [error] ** (ErlangError) Erlang error: {:erpc, :noconnection}
    (kernel 10.2.7.1) erpc.erl:1376: :erpc.call/5
    (xp_expert 0.1.0-c5cd0fc) lib/expert/state.ex:122: XPExpert.State.apply/2
    (xp_expert 0.1.0-c5cd0fc) lib/expert.ex:200: XPExpert.apply_to_state/2
    (xp_expert 0.1.0-c5cd0fc) lib/expert.ex:139: XPExpert.handle_notification/2
    (xp_gen_lsp 0.11.0) lib/gen_lsp.ex:528: anonymous fn/2 in XPGenLSP.loop/3
    (xp_telemetry 1.3.0) /home/runner/work/expert/expert/apps/expert/deps/telemetry/src/telemetry.erl:324: :xp_telemetry.span/3
    (xp_gen_lsp 0.11.0) lib/gen_lsp.ex:524: anonymous fn/4 in XPGenLSP.loop/3
    (xp_gen_lsp 0.11.0) lib/gen_lsp.ex:601: anonymous fn/4 in XPGenLSP.attempt/4

23:29:08.039 [debug] sent notification server -> client window/logMessage
23:29:08.039 [warning] client -> server notification crashed
23:29:08.788 [error] ** (ErlangError) Erlang error: {:erpc, :noconnection}
    (kernel 10.2.7.1) erpc.erl:1376: :erpc.call/5
    (xp_expert 0.1.0-c5cd0fc) lib/expert/state.ex:122: XPExpert.State.apply/2
    (xp_expert 0.1.0-c5cd0fc) lib/expert.ex:200: XPExpert.apply_to_state/2
    (xp_expert 0.1.0-c5cd0fc) lib/expert.ex:139: XPExpert.handle_notification/2
    (xp_gen_lsp 0.11.0) lib/gen_lsp.ex:528: anonymous fn/2 in XPGenLSP.loop/3
    (xp_telemetry 1.3.0) /home/runner/work/expert/expert/apps/expert/deps/telemetry/src/telemetry.erl:324: :xp_telemetry.span/3
    (xp_gen_lsp 0.11.0) lib/gen_lsp.ex:524: anonymous fn/4 in XPGenLSP.loop/3
    (xp_gen_lsp 0.11.0) lib/gen_lsp.ex:601: anonymous fn/4 in XPGenLSP.attempt/4

23:29:08.788 [debug] sent notification server -> client window/logMessage
23:29:08.788 [warning] client -> server notification crashed
23:29:08.904 [error] ** (ErlangError) Erlang error: {:erpc, :noconnection}
    (kernel 10.2.7.1) erpc.erl:1376: :erpc.call/5
    (xp_expert 0.1.0-c5cd0fc) lib/expert/state.ex:122: XPExpert.State.apply/2
    (xp_expert 0.1.0-c5cd0fc) lib/expert.ex:200: XPExpert.apply_to_state/2
    (xp_expert 0.1.0-c5cd0fc) lib/expert.ex:139: XPExpert.handle_notification/2
    (xp_gen_lsp 0.11.0) lib/gen_lsp.ex:528: anonymous fn/2 in XPGenLSP.loop/3
    (xp_telemetry 1.3.0) /home/runner/work/expert/expert/apps/expert/deps/telemetry/src/telemetry.erl:324: :xp_telemetry.span/3
    (xp_gen_lsp 0.11.0) lib/gen_lsp.ex:524: anonymous fn/4 in XPGenLSP.loop/3
    (xp_gen_lsp 0.11.0) lib/gen_lsp.ex:601: anonymous fn/4 in XPGenLSP.attempt/4

23:29:08.904 [debug] sent notification server -> client window/logMessage
23:29:08.904 [warning] client -> server notification crashed
23:29:09.917 [error] ** (ErlangError) Erlang error: {:erpc, :noconnection}
    (kernel 10.2.7.1) erpc.erl:1376: :erpc.call/5
    (xp_expert 0.1.0-c5cd0fc) lib/expert/state.ex:122: XPExpert.State.apply/2
    (xp_expert 0.1.0-c5cd0fc) lib/expert.ex:200: XPExpert.apply_to_state/2
    (xp_expert 0.1.0-c5cd0fc) lib/expert.ex:139: XPExpert.handle_notification/2
    (xp_gen_lsp 0.11.0) lib/gen_lsp.ex:528: anonymous fn/2 in XPGenLSP.loop/3
    (xp_telemetry 1.3.0) /home/runner/work/expert/expert/apps/expert/deps/telemetry/src/telemetry.erl:324: :xp_telemetry.span/3
    (xp_gen_lsp 0.11.0) lib/gen_lsp.ex:524: anonymous fn/4 in XPGenLSP.loop/3
    (xp_gen_lsp 0.11.0) lib/gen_lsp.ex:601: anonymous fn/4 in XPGenLSP.attempt/4

23:29:09.917 [debug] sent notification server -> client window/logMessage
23:29:09.917 [warning] client -> server notification crashed
23:29:09.964 [info] Emitting Completions: [:do/end block ]
23:29:10.042 [debug] handled request client -> server textDocument/completion in 1140ms
23:29:10.657 [error] ** (ErlangError) Erlang error: {:erpc, :noconnection}
    (kernel 10.2.7.1) erpc.erl:1376: :erpc.call/5
    (xp_expert 0.1.0-c5cd0fc) lib/expert/state.ex:122: XPExpert.State.apply/2
    (xp_expert 0.1.0-c5cd0fc) lib/expert.ex:200: XPExpert.apply_to_state/2
    (xp_expert 0.1.0-c5cd0fc) lib/expert.ex:139: XPExpert.handle_notification/2
    (xp_gen_lsp 0.11.0) lib/gen_lsp.ex:528: anonymous fn/2 in XPGenLSP.loop/3
    (xp_telemetry 1.3.0) /home/runner/work/expert/expert/apps/expert/deps/telemetry/src/telemetry.erl:324: :xp_telemetry.span/3
    (xp_gen_lsp 0.11.0) lib/gen_lsp.ex:524: anonymous fn/4 in XPGenLSP.loop/3
    (xp_gen_lsp 0.11.0) lib/gen_lsp.ex:601: anonymous fn/4 in XPGenLSP.attempt/4

23:29:10.657 [debug] sent notification server -> client window/logMessage
23:29:10.657 [warning] client -> server notification crashed
23:29:10.811 [error] ** (ErlangError) Erlang error: {:erpc, :noconnection}
    (kernel 10.2.7.1) erpc.erl:1376: :erpc.call/5
    (xp_expert 0.1.0-c5cd0fc) lib/expert/state.ex:122: XPExpert.State.apply/2
    (xp_expert 0.1.0-c5cd0fc) lib/expert.ex:200: XPExpert.apply_to_state/2
    (xp_expert 0.1.0-c5cd0fc) lib/expert.ex:139: XPExpert.handle_notification/2
    (xp_gen_lsp 0.11.0) lib/gen_lsp.ex:528: anonymous fn/2 in XPGenLSP.loop/3
    (xp_telemetry 1.3.0) /home/runner/work/expert/expert/apps/expert/deps/telemetry/src/telemetry.erl:324: :xp_telemetry.span/3
    (xp_gen_lsp 0.11.0) lib/gen_lsp.ex:524: anonymous fn/4 in XPGenLSP.loop/3
    (xp_gen_lsp 0.11.0) lib/gen_lsp.ex:601: anonymous fn/4 in XPGenLSP.attempt/4

23:29:10.811 [debug] sent notification server -> client window/logMessage
23:29:10.811 [warning] client -> server notification crashed
23:29:12.222 [error] ** (ErlangError) Erlang error: {:erpc, :noconnection}
    (kernel 10.2.7.1) erpc.erl:1376: :erpc.call/5
    (xp_expert 0.1.0-c5cd0fc) lib/expert/state.ex:122: XPExpert.State.apply/2
    (xp_expert 0.1.0-c5cd0fc) lib/expert.ex:200: XPExpert.apply_to_state/2
    (xp_expert 0.1.0-c5cd0fc) lib/expert.ex:139: XPExpert.handle_notification/2
    (xp_gen_lsp 0.11.0) lib/gen_lsp.ex:528: anonymous fn/2 in XPGenLSP.loop/3
    (xp_telemetry 1.3.0) /home/runner/work/expert/expert/apps/expert/deps/telemetry/src/telemetry.erl:324: :xp_telemetry.span/3
    (xp_gen_lsp 0.11.0) lib/gen_lsp.ex:524: anonymous fn/4 in XPGenLSP.loop/3
    (xp_gen_lsp 0.11.0) lib/gen_lsp.ex:601: anonymous fn/4 in XPGenLSP.attempt/4

23:29:12.222 [debug] sent notification server -> client window/logMessage
23:29:12.222 [warning] client -> server notification crashed
23:29:12.222 [info] Completion for XpPos<<3, 4>>
23:29:12.228 [error] ** (ErlangError) Erlang error: {:erpc, :noconnection}
    (kernel 10.2.7.1) erpc.erl:1376: :erpc.call/5
    (xp_expert 0.1.0-c5cd0fc) lib/expert/code_intelligence/completion.ex:84: XPExpert.CodeIntelligence.Completion.completions/3
    (xp_expert 0.1.0-c5cd0fc) lib/expert/code_intelligence/completion.ex:36: XPExpert.CodeIntelligence.Completion.complete/4
    (xp_expert 0.1.0-c5cd0fc) lib/expert/provider/handlers/completion.ex:21: XPExpert.Provider.Handlers.Completion.handle/2
    (xp_expert 0.1.0-c5cd0fc) lib/expert.ex:94: XPExpert.handle_request/2
    (xp_gen_lsp 0.11.0) lib/gen_lsp.ex:372: anonymous fn/2 in XPGenLSP.loop/3
    (xp_telemetry 1.3.0) /home/runner/work/expert/expert/apps/expert/deps/telemetry/src/telemetry.erl:324: :xp_telemetry.span/3
    (xp_gen_lsp 0.11.0) lib/gen_lsp.ex:371: anonymous fn/5 in XPGenLSP.loop/3

23:29:12.228 [debug] sent notification server -> client window/logMessage
23:29:12.372 [error] ** (ErlangError) Erlang error: {:erpc, :noconnection}
    (kernel 10.2.7.1) erpc.erl:1376: :erpc.call/5
    (xp_expert 0.1.0-c5cd0fc) lib/expert/state.ex:122: XPExpert.State.apply/2
    (xp_expert 0.1.0-c5cd0fc) lib/expert.ex:200: XPExpert.apply_to_state/2
    (xp_expert 0.1.0-c5cd0fc) lib/expert.ex:139: XPExpert.handle_notification/2
    (xp_gen_lsp 0.11.0) lib/gen_lsp.ex:528: anonymous fn/2 in XPGenLSP.loop/3
    (xp_telemetry 1.3.0) /home/runner/work/expert/expert/apps/expert/deps/telemetry/src/telemetry.erl:324: :xp_telemetry.span/3
    (xp_gen_lsp 0.11.0) lib/gen_lsp.ex:524: anonymous fn/4 in XPGenLSP.loop/3
    (xp_gen_lsp 0.11.0) lib/gen_lsp.ex:601: anonymous fn/4 in XPGenLSP.attempt/4

23:29:12.372 [debug] sent notification server -> client window/logMessage
23:29:12.372 [warning] client -> server notification crashed
23:29:12.542 [error] ** (ErlangError) Erlang error: {:erpc, :noconnection}
    (kernel 10.2.7.1) erpc.erl:1376: :erpc.call/5
    (xp_expert 0.1.0-c5cd0fc) lib/expert/state.ex:122: XPExpert.State.apply/2
    (xp_expert 0.1.0-c5cd0fc) lib/expert.ex:200: XPExpert.apply_to_state/2
    (xp_expert 0.1.0-c5cd0fc) lib/expert.ex:139: XPExpert.handle_notification/2
    (xp_gen_lsp 0.11.0) lib/gen_lsp.ex:528: anonymous fn/2 in XPGenLSP.loop/3
    (xp_telemetry 1.3.0) /home/runner/work/expert/expert/apps/expert/deps/telemetry/src/telemetry.erl:324: :xp_telemetry.span/3
    (xp_gen_lsp 0.11.0) lib/gen_lsp.ex:524: anonymous fn/4 in XPGenLSP.loop/3
    (xp_gen_lsp 0.11.0) lib/gen_lsp.ex:601: anonymous fn/4 in XPGenLSP.attempt/4

23:29:12.542 [debug] sent notification server -> client window/logMessage
23:29:12.542 [warning] client -> server notification crashed
23:29:12.568 [info] Completion for XpPos<<3, 6>>
23:29:12.568 [error] ** (ErlangError) Erlang error: {:erpc, :noconnection}
    (kernel 10.2.7.1) erpc.erl:1376: :erpc.call/5
    (xp_expert 0.1.0-c5cd0fc) lib/expert/code_intelligence/completion.ex:84: XPExpert.CodeIntelligence.Completion.completions/3
    (xp_expert 0.1.0-c5cd0fc) lib/expert/code_intelligence/completion.ex:36: XPExpert.CodeIntelligence.Completion.complete/4
    (xp_expert 0.1.0-c5cd0fc) lib/expert/provider/handlers/completion.ex:21: XPExpert.Provider.Handlers.Completion.handle/2
    (xp_expert 0.1.0-c5cd0fc) lib/expert.ex:94: XPExpert.handle_request/2
    (xp_gen_lsp 0.11.0) lib/gen_lsp.ex:372: anonymous fn/2 in XPGenLSP.loop/3
    (xp_telemetry 1.3.0) /home/runner/work/expert/expert/apps/expert/deps/telemetry/src/telemetry.erl:324: :xp_telemetry.span/3
    (xp_gen_lsp 0.11.0) lib/gen_lsp.ex:371: anonymous fn/5 in XPGenLSP.loop/3

23:29:12.568 [debug] sent notification server -> client window/logMessage
23:29:13.579 [error] ** (ErlangError) Erlang error: {:erpc, :noconnection}
    (kernel 10.2.7.1) erpc.erl:1376: :erpc.call/5
    (xp_expert 0.1.0-c5cd0fc) lib/expert/state.ex:122: XPExpert.State.apply/2
    (xp_expert 0.1.0-c5cd0fc) lib/expert.ex:200: XPExpert.apply_to_state/2
    (xp_expert 0.1.0-c5cd0fc) lib/expert.ex:139: XPExpert.handle_notification/2
    (xp_gen_lsp 0.11.0) lib/gen_lsp.ex:528: anonymous fn/2 in XPGenLSP.loop/3
    (xp_telemetry 1.3.0) /home/runner/work/expert/expert/apps/expert/deps/telemetry/src/telemetry.erl:324: :xp_telemetry.span/3
    (xp_gen_lsp 0.11.0) lib/gen_lsp.ex:524: anonymous fn/4 in XPGenLSP.loop/3
    (xp_gen_lsp 0.11.0) lib/gen_lsp.ex:601: anonymous fn/4 in XPGenLSP.attempt/4

23:29:13.579 [debug] sent notification server -> client window/logMessage
23:29:13.579 [warning] client -> server notification crashed
23:29:13.737 [error] ** (ErlangError) Erlang error: {:erpc, :noconnection}
    (kernel 10.2.7.1) erpc.erl:1376: :erpc.call/5
    (xp_expert 0.1.0-c5cd0fc) lib/expert/state.ex:122: XPExpert.State.apply/2
    (xp_expert 0.1.0-c5cd0fc) lib/expert.ex:200: XPExpert.apply_to_state/2
    (xp_expert 0.1.0-c5cd0fc) lib/expert.ex:139: XPExpert.handle_notification/2
    (xp_gen_lsp 0.11.0) lib/gen_lsp.ex:528: anonymous fn/2 in XPGenLSP.loop/3
    (xp_telemetry 1.3.0) /home/runner/work/expert/expert/apps/expert/deps/telemetry/src/telemetry.erl:324: :xp_telemetry.span/3
    (xp_gen_lsp 0.11.0) lib/gen_lsp.ex:524: anonymous fn/4 in XPGenLSP.loop/3
    (xp_gen_lsp 0.11.0) lib/gen_lsp.ex:601: anonymous fn/4 in XPGenLSP.attempt/4

23:29:13.737 [debug] sent notification server -> client window/logMessage
23:29:13.737 [warning] client -> server notification crashed
23:29:13.888 [error] ** (ErlangError) Erlang error: {:erpc, :noconnection}
    (kernel 10.2.7.1) erpc.erl:1376: :erpc.call/5
    (xp_expert 0.1.0-c5cd0fc) lib/expert/state.ex:122: XPExpert.State.apply/2
    (xp_expert 0.1.0-c5cd0fc) lib/expert.ex:200: XPExpert.apply_to_state/2
    (xp_expert 0.1.0-c5cd0fc) lib/expert.ex:139: XPExpert.handle_notification/2
    (xp_gen_lsp 0.11.0) lib/gen_lsp.ex:528: anonymous fn/2 in XPGenLSP.loop/3
    (xp_telemetry 1.3.0) /home/runner/work/expert/expert/apps/expert/deps/telemetry/src/telemetry.erl:324: :xp_telemetry.span/3
    (xp_gen_lsp 0.11.0) lib/gen_lsp.ex:524: anonymous fn/4 in XPGenLSP.loop/3
    (xp_gen_lsp 0.11.0) lib/gen_lsp.ex:601: anonymous fn/4 in XPGenLSP.attempt/4

23:29:13.888 [debug] sent notification server -> client window/logMessage
23:29:13.888 [warning] client -> server notification crashed
23:29:14.054 [error] ** (ErlangError) Erlang error: {:erpc, :noconnection}
    (kernel 10.2.7.1) erpc.erl:1376: :erpc.call/5
    (xp_expert 0.1.0-c5cd0fc) lib/expert/state.ex:122: XPExpert.State.apply/2
    (xp_expert 0.1.0-c5cd0fc) lib/expert.ex:200: XPExpert.apply_to_state/2
    (xp_expert 0.1.0-c5cd0fc) lib/expert.ex:139: XPExpert.handle_notification/2
    (xp_gen_lsp 0.11.0) lib/gen_lsp.ex:528: anonymous fn/2 in XPGenLSP.loop/3
    (xp_telemetry 1.3.0) /home/runner/work/expert/expert/apps/expert/deps/telemetry/src/telemetry.erl:324: :xp_telemetry.span/3
    (xp_gen_lsp 0.11.0) lib/gen_lsp.ex:524: anonymous fn/4 in XPGenLSP.loop/3
    (xp_gen_lsp 0.11.0) lib/gen_lsp.ex:601: anonymous fn/4 in XPGenLSP.attempt/4

23:29:14.054 [debug] sent notification server -> client window/logMessage
23:29:14.054 [warning] client -> server notification crashed
23:29:14.228 [error] ** (ErlangError) Erlang error: {:erpc, :noconnection}
    (kernel 10.2.7.1) erpc.erl:1376: :erpc.call/5
    (xp_expert 0.1.0-c5cd0fc) lib/expert/state.ex:122: XPExpert.State.apply/2
    (xp_expert 0.1.0-c5cd0fc) lib/expert.ex:200: XPExpert.apply_to_state/2
    (xp_expert 0.1.0-c5cd0fc) lib/expert.ex:139: XPExpert.handle_notification/2
    (xp_gen_lsp 0.11.0) lib/gen_lsp.ex:528: anonymous fn/2 in XPGenLSP.loop/3
    (xp_telemetry 1.3.0) /home/runner/work/expert/expert/apps/expert/deps/telemetry/src/telemetry.erl:324: :xp_telemetry.span/3
    (xp_gen_lsp 0.11.0) lib/gen_lsp.ex:524: anonymous fn/4 in XPGenLSP.loop/3
    (xp_gen_lsp 0.11.0) lib/gen_lsp.ex:601: anonymous fn/4 in XPGenLSP.attempt/4

23:29:14.228 [debug] sent notification server -> client window/logMessage
23:29:14.228 [warning] client -> server notification crashed
23:29:14.307 [info] Completion for XpPos<<3, 13>>
23:29:14.307 [error] ** (ErlangError) Erlang error: {:erpc, :noconnection}
    (kernel 10.2.7.1) erpc.erl:1376: :erpc.call/5
    (xp_expert 0.1.0-c5cd0fc) lib/expert/state.ex:122: XPExpert.State.apply/2
    (xp_expert 0.1.0-c5cd0fc) lib/expert.ex:200: XPExpert.apply_to_state/2
    (xp_expert 0.1.0-c5cd0fc) lib/expert.ex:139: XPExpert.handle_notification/2
    (xp_gen_lsp 0.11.0) lib/gen_lsp.ex:528: anonymous fn/2 in XPGenLSP.loop/3
    (xp_telemetry 1.3.0) /home/runner/work/expert/expert/apps/expert/deps/telemetry/src/telemetry.erl:324: :xp_telemetry.span/3
    (xp_gen_lsp 0.11.0) lib/gen_lsp.ex:524: anonymous fn/4 in XPGenLSP.loop/3
    (xp_gen_lsp 0.11.0) lib/gen_lsp.ex:601: anonymous fn/4 in XPGenLSP.attempt/4

23:29:14.307 [debug] sent notification server -> client window/logMessage
23:29:14.307 [warning] client -> server notification crashed
23:29:14.307 [error] ** (ErlangError) Erlang error: {:erpc, :noconnection}
    (kernel 10.2.7.1) erpc.erl:1376: :erpc.call/5
    (xp_expert 0.1.0-c5cd0fc) lib/expert/code_intelligence/completion.ex:84: XPExpert.CodeIntelligence.Completion.completions/3
    (xp_expert 0.1.0-c5cd0fc) lib/expert/code_intelligence/completion.ex:36: XPExpert.CodeIntelligence.Completion.complete/4
    (xp_expert 0.1.0-c5cd0fc) lib/expert/provider/handlers/completion.ex:21: XPExpert.Provider.Handlers.Completion.handle/2
    (xp_expert 0.1.0-c5cd0fc) lib/expert.ex:94: XPExpert.handle_request/2
    (xp_gen_lsp 0.11.0) lib/gen_lsp.ex:372: anonymous fn/2 in XPGenLSP.loop/3
    (xp_telemetry 1.3.0) /home/runner/work/expert/expert/apps/expert/deps/telemetry/src/telemetry.erl:324: :xp_telemetry.span/3
    (xp_gen_lsp 0.11.0) lib/gen_lsp.ex:371: anonymous fn/5 in XPGenLSP.loop/3

23:29:14.307 [debug] sent notification server -> client window/logMessage
23:29:14.462 [error] ** (ErlangError) Erlang error: {:erpc, :noconnection}
    (kernel 10.2.7.1) erpc.erl:1376: :erpc.call/5
    (xp_expert 0.1.0-c5cd0fc) lib/expert/state.ex:122: XPExpert.State.apply/2
    (xp_expert 0.1.0-c5cd0fc) lib/expert.ex:200: XPExpert.apply_to_state/2
    (xp_expert 0.1.0-c5cd0fc) lib/expert.ex:139: XPExpert.handle_notification/2
    (xp_gen_lsp 0.11.0) lib/gen_lsp.ex:528: anonymous fn/2 in XPGenLSP.loop/3
    (xp_telemetry 1.3.0) /home/runner/work/expert/expert/apps/expert/deps/telemetry/src/telemetry.erl:324: :xp_telemetry.span/3
    (xp_gen_lsp 0.11.0) lib/gen_lsp.ex:524: anonymous fn/4 in XPGenLSP.loop/3
    (xp_gen_lsp 0.11.0) lib/gen_lsp.ex:601: anonymous fn/4 in XPGenLSP.attempt/4

23:29:14.462 [debug] sent notification server -> client window/logMessage
23:29:14.462 [warning] client -> server notification crashed
23:29:14.621 [error] ** (ErlangError) Erlang error: {:erpc, :noconnection}
    (kernel 10.2.7.1) erpc.erl:1376: :erpc.call/5
    (xp_expert 0.1.0-c5cd0fc) lib/expert/state.ex:122: XPExpert.State.apply/2
    (xp_expert 0.1.0-c5cd0fc) lib/expert.ex:200: XPExpert.apply_to_state/2
    (xp_expert 0.1.0-c5cd0fc) lib/expert.ex:139: XPExpert.handle_notification/2
    (xp_gen_lsp 0.11.0) lib/gen_lsp.ex:528: anonymous fn/2 in XPGenLSP.loop/3
    (xp_telemetry 1.3.0) /home/runner/work/expert/expert/apps/expert/deps/telemetry/src/telemetry.erl:324: :xp_telemetry.span/3
    (xp_gen_lsp 0.11.0) lib/gen_lsp.ex:524: anonymous fn/4 in XPGenLSP.loop/3
    (xp_gen_lsp 0.11.0) lib/gen_lsp.ex:601: anonymous fn/4 in XPGenLSP.attempt/4

23:29:14.621 [debug] sent notification server -> client window/logMessage
23:29:14.621 [warning] client -> server notification crashed
23:29:16.325 [info] Completion for XpPos<<3, 17>>
23:29:16.325 [error] ** (ErlangError) Erlang error: {:erpc, :noconnection}
    (kernel 10.2.7.1) erpc.erl:1376: :erpc.call/5
    (xp_expert 0.1.0-c5cd0fc) lib/expert/code_intelligence/completion.ex:84: XPExpert.CodeIntelligence.Completion.completions/3
    (xp_expert 0.1.0-c5cd0fc) lib/expert/code_intelligence/completion.ex:36: XPExpert.CodeIntelligence.Completion.complete/4
    (xp_expert 0.1.0-c5cd0fc) lib/expert/provider/handlers/completion.ex:21: XPExpert.Provider.Handlers.Completion.handle/2
    (xp_expert 0.1.0-c5cd0fc) lib/expert.ex:94: XPExpert.handle_request/2
    (xp_gen_lsp 0.11.0) lib/gen_lsp.ex:372: anonymous fn/2 in XPGenLSP.loop/3
    (xp_telemetry 1.3.0) /home/runner/work/expert/expert/apps/expert/deps/telemetry/src/telemetry.erl:324: :xp_telemetry.span/3
    (xp_gen_lsp 0.11.0) lib/gen_lsp.ex:371: anonymous fn/5 in XPGenLSP.loop/3

23:29:16.325 [debug] sent notification server -> client window/logMessage
23:29:51.304 [debug] handled notification client -> server textDocument/didClose in 50ms
